Determining if the pthread_create exist failed with the following output:
Change Dir: /home/joe/programming/cpp/projects/xml_named_entity_miner/build/CMakeFiles/CMakeTmp

Run Build Command:/usr/bin/make "cmTryCompileExec3434832798/fast"
/usr/bin/make -f CMakeFiles/cmTryCompileExec3434832798.dir/build.make CMakeFiles/cmTryCompileExec3434832798.dir/build
make[1]: Entering directory '/home/joe/programming/cpp/projects/xml_named_entity_miner/build/CMakeFiles/CMakeTmp'
/usr/bin/cmake -E cmake_progress_report /home/joe/programming/cpp/projects/xml_named_entity_miner/build/CMakeFiles/CMakeTmp/CMakeFiles 1
Building C object CMakeFiles/cmTryCompileExec3434832798.dir/CheckSymbolExists.c.o
/usr/bin/cc    -o CMakeFiles/cmTryCompileExec3434832798.dir/CheckSymbolExists.c.o   -c /home/joe/programming/cpp/projects/xml_named_entity_miner/build/CMakeFiles/CMakeTmp/CheckSymbolExists.c
Linking C executable cmTryCompileExec3434832798
/usr/bin/cmake -E cmake_link_script CMakeFiles/cmTryCompileExec3434832798.dir/link.txt --verbose=1
/usr/bin/cc       CMakeFiles/cmTryCompileExec3434832798.dir/CheckSymbolExists.c.o  -o cmTryCompileExec3434832798 -rdynamic 
CMakeFiles/cmTryCompileExec3434832798.dir/CheckSymbolExists.c.o: In function `main':
CheckSymbolExists.c:(.text+0x16): undefined reference to `pthread_create'
collect2: error: ld returned 1 exit status
CMakeFiles/cmTryCompileExec3434832798.dir/build.make:88: recipe for target 'cmTryCompileExec3434832798' failed
make[1]: *** [cmTryCompileExec3434832798] Error 1
make[1]: Leaving directory '/home/joe/programming/cpp/projects/xml_named_entity_miner/build/CMakeFiles/CMakeTmp'
Makefile:114: recipe for target 'cmTryCompileExec3434832798/fast' failed
make: *** [cmTryCompileExec3434832798/fast] Error 2

File /home/joe/programming/cpp/projects/xml_named_entity_miner/build/CMakeFiles/CMakeTmp/CheckSymbolExists.c:
/* */
#include <pthread.h>

int main(int argc, char** argv)
{
  (void)argv;
#ifndef pthread_create
  return ((int*)(&pthread_create))[argc];
#else
  (void)argc;
  return 0;
#endif
}

Determining if the function pthread_create exists in the pthreads failed with the following output:
Change Dir: /home/joe/programming/cpp/projects/xml_named_entity_miner/build/CMakeFiles/CMakeTmp

Run Build Command:/usr/bin/make "cmTryCompileExec2922275206/fast"
/usr/bin/make -f CMakeFiles/cmTryCompileExec2922275206.dir/build.make CMakeFiles/cmTryCompileExec2922275206.dir/build
make[1]: Entering directory '/home/joe/programming/cpp/projects/xml_named_entity_miner/build/CMakeFiles/CMakeTmp'
/usr/bin/cmake -E cmake_progress_report /home/joe/programming/cpp/projects/xml_named_entity_miner/build/CMakeFiles/CMakeTmp/CMakeFiles 1
Building C object CMakeFiles/cmTryCompileExec2922275206.dir/CheckFunctionExists.c.o
/usr/bin/cc   -DCHECK_FUNCTION_EXISTS=pthread_create   -o CMakeFiles/cmTryCompileExec2922275206.dir/CheckFunctionExists.c.o   -c /usr/share/cmake-2.8/Modules/CheckFunctionExists.c
Linking C executable cmTryCompileExec2922275206
/usr/bin/cmake -E cmake_link_script CMakeFiles/cmTryCompileExec2922275206.dir/link.txt --verbose=1
/usr/bin/cc   -DCHECK_FUNCTION_EXISTS=pthread_create    CMakeFiles/cmTryCompileExec2922275206.dir/CheckFunctionExists.c.o  -o cmTryCompileExec2922275206 -rdynamic -lpthreads 
/usr/bin/ld: cannot find -lpthreads
collect2: error: ld returned 1 exit status
CMakeFiles/cmTryCompileExec2922275206.dir/build.make:88: recipe for target 'cmTryCompileExec2922275206' failed
make[1]: *** [cmTryCompileExec2922275206] Error 1
make[1]: Leaving directory '/home/joe/programming/cpp/projects/xml_named_entity_miner/build/CMakeFiles/CMakeTmp'
Makefile:114: recipe for target 'cmTryCompileExec2922275206/fast' failed
make: *** [cmTryCompileExec2922275206/fast] Error 2


